\BOOKMARK [0][-]{chapter.1}{\376\377\000I\000n\000d\000e\000x}{}% 1
\BOOKMARK [1][-]{section.1.1}{\376\377\000I\000n\000t\000r\000o\000d\000u\000c\000t\000i\000o\000n}{chapter.1}% 2
\BOOKMARK [1][-]{section.1.2}{\376\377\000D\000e\000p\000e\000n\000d\000a\000n\000c\000i\000e\000s\000:}{chapter.1}% 3
\BOOKMARK [1][-]{section.1.3}{\376\377\000C\000o\000m\000p\000i\000l\000e}{chapter.1}% 4
\BOOKMARK [1][-]{section.1.4}{\376\377\000S\000e\000t\000\040\000u\000p\000\040\000t\000h\000e\000\040\000c\000o\000n\000f\000i\000g\000u\000r\000a\000t\000i\000o\000n\000\040\000f\000i\000l\000e}{chapter.1}% 5
\BOOKMARK [1][-]{section.1.5}{\376\377\000R\000u\000n\000!}{chapter.1}% 6
\BOOKMARK [0][-]{chapter.2}{\376\377\000N\000a\000m\000e\000s\000p\000a\000c\000e\000\040\000I\000n\000d\000e\000x}{}% 7
\BOOKMARK [1][-]{section.2.1}{\376\377\000N\000a\000m\000e\000s\000p\000a\000c\000e\000\040\000L\000i\000s\000t}{chapter.2}% 8
\BOOKMARK [0][-]{chapter.3}{\376\377\000H\000i\000e\000r\000a\000r\000c\000h\000i\000c\000a\000l\000\040\000I\000n\000d\000e\000x}{}% 9
\BOOKMARK [1][-]{section.3.1}{\376\377\000C\000l\000a\000s\000s\000\040\000H\000i\000e\000r\000a\000r\000c\000h\000y}{chapter.3}% 10
\BOOKMARK [0][-]{chapter.4}{\376\377\000C\000l\000a\000s\000s\000\040\000I\000n\000d\000e\000x}{}% 11
\BOOKMARK [1][-]{section.4.1}{\376\377\000C\000l\000a\000s\000s\000\040\000L\000i\000s\000t}{chapter.4}% 12
\BOOKMARK [0][-]{chapter.5}{\376\377\000F\000i\000l\000e\000\040\000I\000n\000d\000e\000x}{}% 13
\BOOKMARK [1][-]{section.5.1}{\376\377\000F\000i\000l\000e\000\040\000L\000i\000s\000t}{chapter.5}% 14
\BOOKMARK [0][-]{chapter.6}{\376\377\000N\000a\000m\000e\000s\000p\000a\000c\000e\000\040\000D\000o\000c\000u\000m\000e\000n\000t\000a\000t\000i\000o\000n}{}% 15
\BOOKMARK [1][-]{section.6.1}{\376\377\000c\000o\000n\000s\000t\000a\000n\000t\000s\000\040\000N\000a\000m\000e\000s\000p\000a\000c\000e\000\040\000R\000e\000f\000e\000r\000e\000n\000c\000e}{chapter.6}% 16
\BOOKMARK [2][-]{subsection.6.1.1}{\376\377\000D\000e\000t\000a\000i\000l\000e\000d\000\040\000D\000e\000s\000c\000r\000i\000p\000t\000i\000o\000n}{section.6.1}% 17
\BOOKMARK [1][-]{section.6.2}{\376\377\000n\000u\000m\000e\000r\000i\000c\000s\000\040\000N\000a\000m\000e\000s\000p\000a\000c\000e\000\040\000R\000e\000f\000e\000r\000e\000n\000c\000e}{chapter.6}% 18
\BOOKMARK [2][-]{subsection.6.2.1}{\376\377\000D\000e\000t\000a\000i\000l\000e\000d\000\040\000D\000e\000s\000c\000r\000i\000p\000t\000i\000o\000n}{section.6.2}% 19
\BOOKMARK [2][-]{subsection.6.2.2}{\376\377\000F\000u\000n\000c\000t\000i\000o\000n\000\040\000D\000o\000c\000u\000m\000e\000n\000t\000a\000t\000i\000o\000n}{section.6.2}% 20
\BOOKMARK [3][-]{subsubsection.6.2.2.1}{\376\377\000s\000o\000r\000t}{subsection.6.2.2}% 21
\BOOKMARK [3][-]{subsubsection.6.2.2.2}{\376\377\000s\000o\000r\000t\000\137\000p\000a\000i\000r}{subsection.6.2.2}% 22
\BOOKMARK [3][-]{subsubsection.6.2.2.3}{\376\377\000t\000r\000a\000p\000z}{subsection.6.2.2}% 23
\BOOKMARK [3][-]{subsubsection.6.2.2.4}{\376\377\000t\000r\000a\000p\000z}{subsection.6.2.2}% 24
\BOOKMARK [3][-]{subsubsection.6.2.2.5}{\376\377\000d\000e\000r\000i\000v}{subsection.6.2.2}% 25
\BOOKMARK [3][-]{subsubsection.6.2.2.6}{\376\377\000i\000n\000t\000e\000r\000p\0001}{subsection.6.2.2}% 26
\BOOKMARK [3][-]{subsubsection.6.2.2.7}{\376\377\000i\000n\000t\000e\000r\000p\0001}{subsection.6.2.2}% 27
\BOOKMARK [3][-]{subsubsection.6.2.2.8}{\376\377\000e\000r\000r\000o\000r\000\137\000L\0002}{subsection.6.2.2}% 28
\BOOKMARK [0][-]{chapter.7}{\376\377\000C\000l\000a\000s\000s\000\040\000D\000o\000c\000u\000m\000e\000n\000t\000a\000t\000i\000o\000n}{}% 29
\BOOKMARK [1][-]{section.7.1}{\376\377\000B\000i\000m\0001\000D\000\040\000C\000l\000a\000s\000s\000\040\000R\000e\000f\000e\000r\000e\000n\000c\000e}{chapter.7}% 30
\BOOKMARK [2][-]{subsection.7.1.1}{\376\377\000D\000e\000t\000a\000i\000l\000e\000d\000\040\000D\000e\000s\000c\000r\000i\000p\000t\000i\000o\000n}{section.7.1}% 31
\BOOKMARK [2][-]{subsection.7.1.2}{\376\377\000C\000o\000n\000s\000t\000r\000u\000c\000t\000o\000r\000\040\000\046\000\040\000D\000e\000s\000t\000r\000u\000c\000t\000o\000r\000\040\000D\000o\000c\000u\000m\000e\000n\000t\000a\000t\000i\000o\000n}{section.7.1}% 32
\BOOKMARK [3][-]{subsubsection.7.1.2.1}{\376\377\000B\000i\000m\0001\000D}{subsection.7.1.2}% 33
\BOOKMARK [2][-]{subsection.7.1.3}{\376\377\000M\000e\000m\000b\000e\000r\000\040\000F\000u\000n\000c\000t\000i\000o\000n\000\040\000D\000o\000c\000u\000m\000e\000n\000t\000a\000t\000i\000o\000n}{section.7.1}% 34
\BOOKMARK [3][-]{subsubsection.7.1.3.1}{\376\377\000l\000o\000g\000\137\000m\000e\000a\000n}{subsection.7.1.3}% 35
\BOOKMARK [3][-]{subsubsection.7.1.3.2}{\376\377\000b\000e\000r\000n\000o\000u\000l\000l\000i}{subsection.7.1.3}% 36
\BOOKMARK [3][-]{subsubsection.7.1.3.3}{\376\377\000a\000s\000s\000e\000m\000b\000l\000e\000A\000d\000v\000D\000i\000f\000f}{subsection.7.1.3}% 37
\BOOKMARK [3][-]{subsubsection.7.1.3.4}{\376\377\000a\000s\000s\000e\000m\000b\000l\000e\000S\000t\000i\000f\000f}{subsection.7.1.3}% 38
\BOOKMARK [3][-]{subsubsection.7.1.3.5}{\376\377\000a\000s\000s\000e\000m\000b\000l\000e\000M\000a\000s\000s}{subsection.7.1.3}% 39
\BOOKMARK [1][-]{section.7.2}{\376\377\000C\000h\000a\000r\000g\000e\000\040\000C\000l\000a\000s\000s\000\040\000R\000e\000f\000e\000r\000e\000n\000c\000e}{chapter.7}% 40
\BOOKMARK [2][-]{subsection.7.2.1}{\376\377\000D\000e\000t\000a\000i\000l\000e\000d\000\040\000D\000e\000s\000c\000r\000i\000p\000t\000i\000o\000n}{section.7.2}% 41
\BOOKMARK [2][-]{subsection.7.2.2}{\376\377\000C\000o\000n\000s\000t\000r\000u\000c\000t\000o\000r\000\040\000\046\000\040\000D\000e\000s\000t\000r\000u\000c\000t\000o\000r\000\040\000D\000o\000c\000u\000m\000e\000n\000t\000a\000t\000i\000o\000n}{section.7.2}% 42
\BOOKMARK [3][-]{subsubsection.7.2.2.1}{\376\377\000C\000h\000a\000r\000g\000e}{subsection.7.2.2}% 43
\BOOKMARK [2][-]{subsection.7.2.3}{\376\377\000M\000e\000m\000b\000e\000r\000\040\000F\000u\000n\000c\000t\000i\000o\000n\000\040\000D\000o\000c\000u\000m\000e\000n\000t\000a\000t\000i\000o\000n}{section.7.2}% 44
\BOOKMARK [3][-]{subsubsection.7.2.3.1}{\376\377\000c\000h\000a\000r\000g\000e}{subsection.7.2.3}% 45
\BOOKMARK [3][-]{subsubsection.7.2.3.2}{\376\377\000d\000c\000h\000a\000r\000g\000e}{subsection.7.2.3}% 46
\BOOKMARK [1][-]{section.7.3}{\376\377\000C\000s\000v\000P\000a\000r\000s\000e\000r\000\040\000C\000l\000a\000s\000s\000\040\000R\000e\000f\000e\000r\000e\000n\000c\000e}{chapter.7}% 47
\BOOKMARK [2][-]{subsection.7.3.1}{\376\377\000D\000e\000t\000a\000i\000l\000e\000d\000\040\000D\000e\000s\000c\000r\000i\000p\000t\000i\000o\000n}{section.7.3}% 48
\BOOKMARK [2][-]{subsection.7.3.2}{\376\377\000C\000o\000n\000s\000t\000r\000u\000c\000t\000o\000r\000\040\000\046\000\040\000D\000e\000s\000t\000r\000u\000c\000t\000o\000r\000\040\000D\000o\000c\000u\000m\000e\000n\000t\000a\000t\000i\000o\000n}{section.7.3}% 49
\BOOKMARK [3][-]{subsubsection.7.3.2.1}{\376\377\000C\000s\000v\000P\000a\000r\000s\000e\000r}{subsection.7.3.2}% 50
\BOOKMARK [2][-]{subsection.7.3.3}{\376\377\000M\000e\000m\000b\000e\000r\000\040\000F\000u\000n\000c\000t\000i\000o\000n\000\040\000D\000o\000c\000u\000m\000e\000n\000t\000a\000t\000i\000o\000n}{section.7.3}% 51
\BOOKMARK [3][-]{subsubsection.7.3.3.1}{\376\377\000i\000m\000p\000o\000r\000t\000R\000o\000w}{subsection.7.3.3}% 52
\BOOKMARK [3][-]{subsubsection.7.3.3.2}{\376\377\000i\000m\000p\000o\000r\000t\000R\000o\000w\000s}{subsection.7.3.3}% 53
\BOOKMARK [3][-]{subsubsection.7.3.3.3}{\376\377\000i\000m\000p\000o\000r\000t\000F\000i\000r\000s\000t\000R\000o\000w\000s}{subsection.7.3.3}% 54
\BOOKMARK [3][-]{subsubsection.7.3.3.4}{\376\377\000i\000m\000p\000o\000r\000t\000C\000o\000l}{subsection.7.3.3}% 55
\BOOKMARK [3][-]{subsubsection.7.3.3.5}{\376\377\000i\000m\000p\000o\000r\000t\000C\000o\000l\000s}{subsection.7.3.3}% 56
\BOOKMARK [3][-]{subsubsection.7.3.3.6}{\376\377\000i\000m\000p\000o\000r\000t\000F\000i\000r\000s\000t\000C\000o\000l\000s}{subsection.7.3.3}% 57
\BOOKMARK [3][-]{subsubsection.7.3.3.7}{\376\377\000i\000m\000p\000o\000r\000t\000C\000e\000l\000l}{subsection.7.3.3}% 58
\BOOKMARK [3][-]{subsubsection.7.3.3.8}{\376\377\000i\000m\000p\000o\000r\000t\000A\000l\000l}{subsection.7.3.3}% 59
\BOOKMARK [1][-]{section.7.4}{\376\377\000D\000o\000s\000M\000o\000d\000e\000l\000\040\000C\000l\000a\000s\000s\000\040\000R\000e\000f\000e\000r\000e\000n\000c\000e}{chapter.7}% 60
\BOOKMARK [2][-]{subsection.7.4.1}{\376\377\000D\000e\000t\000a\000i\000l\000e\000d\000\040\000D\000e\000s\000c\000r\000i\000p\000t\000i\000o\000n}{section.7.4}% 61
\BOOKMARK [2][-]{subsection.7.4.2}{\376\377\000C\000o\000n\000s\000t\000r\000u\000c\000t\000o\000r\000\040\000\046\000\040\000D\000e\000s\000t\000r\000u\000c\000t\000o\000r\000\040\000D\000o\000c\000u\000m\000e\000n\000t\000a\000t\000i\000o\000n}{section.7.4}% 62
\BOOKMARK [3][-]{subsubsection.7.4.2.1}{\376\377\000D\000o\000s\000M\000o\000d\000e\000l}{subsection.7.4.2}% 63
\BOOKMARK [2][-]{subsection.7.4.3}{\376\377\000M\000e\000m\000b\000e\000r\000\040\000F\000u\000n\000c\000t\000i\000o\000n\000\040\000D\000o\000c\000u\000m\000e\000n\000t\000a\000t\000i\000o\000n}{section.7.4}% 64
\BOOKMARK [3][-]{subsubsection.7.4.3.1}{\376\377\000s\000i\000m\000u\000l\000a\000t\000e}{subsection.7.4.3}% 65
\BOOKMARK [3][-]{subsubsection.7.4.3.2}{\376\377\000p\000o\000s\000t\000\137\000p\000r\000o\000c\000e\000s\000s}{subsection.7.4.3}% 66
\BOOKMARK [3][-]{subsubsection.7.4.3.3}{\376\377\000g\000n\000u\000p\000l\000o\000t\000\137\000c\000o\000m\000m\000a\000n\000d\000s}{subsection.7.4.3}% 67
\BOOKMARK [3][-]{subsubsection.7.4.3.4}{\376\377\000s\000a\000v\000e\000\137\000p\000l\000o\000t}{subsection.7.4.3}% 68
\BOOKMARK [1][-]{section.7.5}{\376\377\000G\000a\000u\000s\000s\000H\000e\000r\000m\000i\000t\000e\000R\000u\000l\000e\000\040\000C\000l\000a\000s\000s\000\040\000R\000e\000f\000e\000r\000e\000n\000c\000e}{chapter.7}% 69
\BOOKMARK [2][-]{subsection.7.5.1}{\376\377\000D\000e\000t\000a\000i\000l\000e\000d\000\040\000D\000e\000s\000c\000r\000i\000p\000t\000i\000o\000n}{section.7.5}% 70
\BOOKMARK [2][-]{subsection.7.5.2}{\376\377\000C\000o\000n\000s\000t\000r\000u\000c\000t\000o\000r\000\040\000\046\000\040\000D\000e\000s\000t\000r\000u\000c\000t\000o\000r\000\040\000D\000o\000c\000u\000m\000e\000n\000t\000a\000t\000i\000o\000n}{section.7.5}% 71
\BOOKMARK [3][-]{subsubsection.7.5.2.1}{\376\377\000G\000a\000u\000s\000s\000H\000e\000r\000m\000i\000t\000e\000R\000u\000l\000e}{subsection.7.5.2}% 72
\BOOKMARK [2][-]{subsection.7.5.3}{\376\377\000M\000e\000m\000b\000e\000r\000\040\000F\000u\000n\000c\000t\000i\000o\000n\000\040\000D\000o\000c\000u\000m\000e\000n\000t\000a\000t\000i\000o\000n}{section.7.5}% 73
\BOOKMARK [3][-]{subsubsection.7.5.3.1}{\376\377\000a\000p\000p\000l\000y}{subsection.7.5.3}% 74
\BOOKMARK [1][-]{section.7.6}{\376\377\000G\000a\000u\000s\000s\000i\000a\000n\000C\000h\000a\000r\000g\000e\000\040\000C\000l\000a\000s\000s\000\040\000R\000e\000f\000e\000r\000e\000n\000c\000e}{chapter.7}% 75
\BOOKMARK [2][-]{subsection.7.6.1}{\376\377\000D\000e\000t\000a\000i\000l\000e\000d\000\040\000D\000e\000s\000c\000r\000i\000p\000t\000i\000o\000n}{section.7.6}% 76
\BOOKMARK [2][-]{subsection.7.6.2}{\376\377\000C\000o\000n\000s\000t\000r\000u\000c\000t\000o\000r\000\040\000\046\000\040\000D\000e\000s\000t\000r\000u\000c\000t\000o\000r\000\040\000D\000o\000c\000u\000m\000e\000n\000t\000a\000t\000i\000o\000n}{section.7.6}% 77
\BOOKMARK [3][-]{subsubsection.7.6.2.1}{\376\377\000G\000a\000u\000s\000s\000i\000a\000n\000C\000h\000a\000r\000g\000e}{subsection.7.6.2}% 78
\BOOKMARK [2][-]{subsection.7.6.3}{\376\377\000M\000e\000m\000b\000e\000r\000\040\000F\000u\000n\000c\000t\000i\000o\000n\000\040\000D\000o\000c\000u\000m\000e\000n\000t\000a\000t\000i\000o\000n}{section.7.6}% 79
\BOOKMARK [3][-]{subsubsection.7.6.3.1}{\376\377\000c\000h\000a\000r\000g\000e}{subsection.7.6.3}% 80
\BOOKMARK [3][-]{subsubsection.7.6.3.2}{\376\377\000d\000c\000h\000a\000r\000g\000e}{subsection.7.6.3}% 81
\BOOKMARK [3][-]{subsubsection.7.6.3.3}{\376\377\000n\000\137\000a\000p\000p\000r\000o\000x}{subsection.7.6.3}% 82
\BOOKMARK [3][-]{subsubsection.7.6.3.4}{\376\377\000d\000n\000\137\000a\000p\000p\000r\000o\000x}{subsection.7.6.3}% 83
\BOOKMARK [1][-]{section.7.7}{\376\377\000N\000o\000n\000L\000i\000n\000e\000a\000r\000P\000o\000i\000s\000s\000o\000n\0001\000D\000\040\000C\000l\000a\000s\000s\000\040\000R\000e\000f\000e\000r\000e\000n\000c\000e}{chapter.7}% 84
\BOOKMARK [2][-]{subsection.7.7.1}{\376\377\000D\000e\000t\000a\000i\000l\000e\000d\000\040\000D\000e\000s\000c\000r\000i\000p\000t\000i\000o\000n}{section.7.7}% 85
\BOOKMARK [2][-]{subsection.7.7.2}{\376\377\000C\000o\000n\000s\000t\000r\000u\000c\000t\000o\000r\000\040\000\046\000\040\000D\000e\000s\000t\000r\000u\000c\000t\000o\000r\000\040\000D\000o\000c\000u\000m\000e\000n\000t\000a\000t\000i\000o\000n}{section.7.7}% 86
\BOOKMARK [3][-]{subsubsection.7.7.2.1}{\376\377\000N\000o\000n\000L\000i\000n\000e\000a\000r\000P\000o\000i\000s\000s\000o\000n\0001\000D}{subsection.7.7.2}% 87
\BOOKMARK [2][-]{subsection.7.7.3}{\376\377\000M\000e\000m\000b\000e\000r\000\040\000F\000u\000n\000c\000t\000i\000o\000n\000\040\000D\000o\000c\000u\000m\000e\000n\000t\000a\000t\000i\000o\000n}{section.7.7}% 88
\BOOKMARK [3][-]{subsubsection.7.7.3.1}{\376\377\000a\000p\000p\000l\000y}{subsection.7.7.3}% 89
\BOOKMARK [3][-]{subsubsection.7.7.3.2}{\376\377\000c\000o\000m\000p\000u\000t\000e\000J\000a\000c}{subsection.7.7.3}% 90
\BOOKMARK [1][-]{section.7.8}{\376\377\000P\000a\000r\000a\000m\000L\000i\000s\000t\000\040\000C\000l\000a\000s\000s\000\040\000R\000e\000f\000e\000r\000e\000n\000c\000e}{chapter.7}% 91
\BOOKMARK [2][-]{subsection.7.8.1}{\376\377\000D\000e\000t\000a\000i\000l\000e\000d\000\040\000D\000e\000s\000c\000r\000i\000p\000t\000i\000o\000n}{section.7.8}% 92
\BOOKMARK [2][-]{subsection.7.8.2}{\376\377\000C\000o\000n\000s\000t\000r\000u\000c\000t\000o\000r\000\040\000\046\000\040\000D\000e\000s\000t\000r\000u\000c\000t\000o\000r\000\040\000D\000o\000c\000u\000m\000e\000n\000t\000a\000t\000i\000o\000n}{section.7.8}% 93
\BOOKMARK [3][-]{subsubsection.7.8.2.1}{\376\377\000P\000a\000r\000a\000m\000L\000i\000s\000t}{subsection.7.8.2}% 94
\BOOKMARK [1][-]{section.7.9}{\376\377\000P\000d\000e\000S\000o\000l\000v\000e\000r\0001\000D\000\040\000C\000l\000a\000s\000s\000\040\000R\000e\000f\000e\000r\000e\000n\000c\000e}{chapter.7}% 95
\BOOKMARK [2][-]{subsection.7.9.1}{\376\377\000D\000e\000t\000a\000i\000l\000e\000d\000\040\000D\000e\000s\000c\000r\000i\000p\000t\000i\000o\000n}{section.7.9}% 96
\BOOKMARK [2][-]{subsection.7.9.2}{\376\377\000C\000o\000n\000s\000t\000r\000u\000c\000t\000o\000r\000\040\000\046\000\040\000D\000e\000s\000t\000r\000u\000c\000t\000o\000r\000\040\000D\000o\000c\000u\000m\000e\000n\000t\000a\000t\000i\000o\000n}{section.7.9}% 97
\BOOKMARK [3][-]{subsubsection.7.9.2.1}{\376\377\000P\000d\000e\000S\000o\000l\000v\000e\000r\0001\000D}{subsection.7.9.2}% 98
\BOOKMARK [2][-]{subsection.7.9.3}{\376\377\000M\000e\000m\000b\000e\000r\000\040\000F\000u\000n\000c\000t\000i\000o\000n\000\040\000D\000o\000c\000u\000m\000e\000n\000t\000a\000t\000i\000o\000n}{section.7.9}% 99
\BOOKMARK [3][-]{subsubsection.7.9.3.1}{\376\377\000a\000s\000s\000e\000m\000b\000l\000e\000A\000d\000v\000D\000i\000f\000f}{subsection.7.9.3}% 100
\BOOKMARK [3][-]{subsubsection.7.9.3.2}{\376\377\000a\000s\000s\000e\000m\000b\000l\000e\000S\000t\000i\000f\000f}{subsection.7.9.3}% 101
\BOOKMARK [3][-]{subsubsection.7.9.3.3}{\376\377\000a\000s\000s\000e\000m\000b\000l\000e\000M\000a\000s\000s}{subsection.7.9.3}% 102
\BOOKMARK [1][-]{section.7.10}{\376\377\000Q\000u\000a\000d\000r\000a\000t\000u\000r\000e\000R\000u\000l\000e\000\040\000C\000l\000a\000s\000s\000\040\000R\000e\000f\000e\000r\000e\000n\000c\000e}{chapter.7}% 103
\BOOKMARK [2][-]{subsection.7.10.1}{\376\377\000D\000e\000t\000a\000i\000l\000e\000d\000\040\000D\000e\000s\000c\000r\000i\000p\000t\000i\000o\000n}{section.7.10}% 104
\BOOKMARK [2][-]{subsection.7.10.2}{\376\377\000C\000o\000n\000s\000t\000r\000u\000c\000t\000o\000r\000\040\000\046\000\040\000D\000e\000s\000t\000r\000u\000c\000t\000o\000r\000\040\000D\000o\000c\000u\000m\000e\000n\000t\000a\000t\000i\000o\000n}{section.7.10}% 105
\BOOKMARK [3][-]{subsubsection.7.10.2.1}{\376\377\000Q\000u\000a\000d\000r\000a\000t\000u\000r\000e\000R\000u\000l\000e}{subsection.7.10.2}% 106
\BOOKMARK [0][-]{chapter.8}{\376\377\000F\000i\000l\000e\000\040\000D\000o\000c\000u\000m\000e\000n\000t\000a\000t\000i\000o\000n}{}% 107
\BOOKMARK [1][-]{section.8.1}{\376\377\000/\000h\000o\000m\000e\000/\000D\000a\000t\000a\000/\000D\000r\000o\000p\000b\000o\000x\000/\000P\000r\000o\000g\000e\000t\000t\000o\000-\000P\000A\000C\000S\000/\000C\000+\000+\000/\000S\000o\000u\000r\000c\000e\000/\000s\000i\000m\000u\000l\000a\000t\000e\000\137\000d\000o\000s\000.\000c\000+\000+\000\040\000F\000i\000l\000e\000\040\000R\000e\000f\000e\000r\000e\000n\000c\000e}{chapter.8}% 108
\BOOKMARK [2][-]{subsection.8.1.1}{\376\377\000D\000e\000t\000a\000i\000l\000e\000d\000\040\000D\000e\000s\000c\000r\000i\000p\000t\000i\000o\000n}{section.8.1}% 109
\BOOKMARK [1][-]{section.8.2}{\376\377\000/\000h\000o\000m\000e\000/\000D\000a\000t\000a\000/\000D\000r\000o\000p\000b\000o\000x\000/\000P\000r\000o\000g\000e\000t\000t\000o\000-\000P\000A\000C\000S\000/\000C\000+\000+\000/\000S\000o\000u\000r\000c\000e\000/\000s\000r\000c\000/\000c\000h\000a\000r\000g\000e\000.\000h\000\040\000F\000i\000l\000e\000\040\000R\000e\000f\000e\000r\000e\000n\000c\000e}{chapter.8}% 110
\BOOKMARK [2][-]{subsection.8.2.1}{\376\377\000D\000e\000t\000a\000i\000l\000e\000d\000\040\000D\000e\000s\000c\000r\000i\000p\000t\000i\000o\000n}{section.8.2}% 111
\BOOKMARK [1][-]{section.8.3}{\376\377\000/\000h\000o\000m\000e\000/\000D\000a\000t\000a\000/\000D\000r\000o\000p\000b\000o\000x\000/\000P\000r\000o\000g\000e\000t\000t\000o\000-\000P\000A\000C\000S\000/\000C\000+\000+\000/\000S\000o\000u\000r\000c\000e\000/\000s\000r\000c\000/\000c\000s\000v\000P\000a\000r\000s\000e\000r\000.\000h\000\040\000F\000i\000l\000e\000\040\000R\000e\000f\000e\000r\000e\000n\000c\000e}{chapter.8}% 112
\BOOKMARK [2][-]{subsection.8.3.1}{\376\377\000D\000e\000t\000a\000i\000l\000e\000d\000\040\000D\000e\000s\000c\000r\000i\000p\000t\000i\000o\000n}{section.8.3}% 113
\BOOKMARK [1][-]{section.8.4}{\376\377\000/\000h\000o\000m\000e\000/\000D\000a\000t\000a\000/\000D\000r\000o\000p\000b\000o\000x\000/\000P\000r\000o\000g\000e\000t\000t\000o\000-\000P\000A\000C\000S\000/\000C\000+\000+\000/\000S\000o\000u\000r\000c\000e\000/\000s\000r\000c\000/\000d\000o\000s\000M\000o\000d\000e\000l\000.\000h\000\040\000F\000i\000l\000e\000\040\000R\000e\000f\000e\000r\000e\000n\000c\000e}{chapter.8}% 114
\BOOKMARK [2][-]{subsection.8.4.1}{\376\377\000D\000e\000t\000a\000i\000l\000e\000d\000\040\000D\000e\000s\000c\000r\000i\000p\000t\000i\000o\000n}{section.8.4}% 115
\BOOKMARK [1][-]{section.8.5}{\376\377\000/\000h\000o\000m\000e\000/\000D\000a\000t\000a\000/\000D\000r\000o\000p\000b\000o\000x\000/\000P\000r\000o\000g\000e\000t\000t\000o\000-\000P\000A\000C\000S\000/\000C\000+\000+\000/\000S\000o\000u\000r\000c\000e\000/\000s\000r\000c\000/\000n\000u\000m\000e\000r\000i\000c\000s\000.\000h\000\040\000F\000i\000l\000e\000\040\000R\000e\000f\000e\000r\000e\000n\000c\000e}{chapter.8}% 116
\BOOKMARK [2][-]{subsection.8.5.1}{\376\377\000D\000e\000t\000a\000i\000l\000e\000d\000\040\000D\000e\000s\000c\000r\000i\000p\000t\000i\000o\000n}{section.8.5}% 117
\BOOKMARK [1][-]{section.8.6}{\376\377\000/\000h\000o\000m\000e\000/\000D\000a\000t\000a\000/\000D\000r\000o\000p\000b\000o\000x\000/\000P\000r\000o\000g\000e\000t\000t\000o\000-\000P\000A\000C\000S\000/\000C\000+\000+\000/\000S\000o\000u\000r\000c\000e\000/\000s\000r\000c\000/\000p\000a\000r\000a\000m\000L\000i\000s\000t\000.\000h\000\040\000F\000i\000l\000e\000\040\000R\000e\000f\000e\000r\000e\000n\000c\000e}{chapter.8}% 118
\BOOKMARK [2][-]{subsection.8.6.1}{\376\377\000D\000e\000t\000a\000i\000l\000e\000d\000\040\000D\000e\000s\000c\000r\000i\000p\000t\000i\000o\000n}{section.8.6}% 119
\BOOKMARK [1][-]{section.8.7}{\376\377\000/\000h\000o\000m\000e\000/\000D\000a\000t\000a\000/\000D\000r\000o\000p\000b\000o\000x\000/\000P\000r\000o\000g\000e\000t\000t\000o\000-\000P\000A\000C\000S\000/\000C\000+\000+\000/\000S\000o\000u\000r\000c\000e\000/\000s\000r\000c\000/\000p\000h\000y\000s\000i\000c\000a\000l\000C\000o\000n\000s\000t\000a\000n\000t\000s\000.\000h\000\040\000F\000i\000l\000e\000\040\000R\000e\000f\000e\000r\000e\000n\000c\000e}{chapter.8}% 120
\BOOKMARK [2][-]{subsection.8.7.1}{\376\377\000D\000e\000t\000a\000i\000l\000e\000d\000\040\000D\000e\000s\000c\000r\000i\000p\000t\000i\000o\000n}{section.8.7}% 121
\BOOKMARK [1][-]{section.8.8}{\376\377\000/\000h\000o\000m\000e\000/\000D\000a\000t\000a\000/\000D\000r\000o\000p\000b\000o\000x\000/\000P\000r\000o\000g\000e\000t\000t\000o\000-\000P\000A\000C\000S\000/\000C\000+\000+\000/\000S\000o\000u\000r\000c\000e\000/\000s\000r\000c\000/\000q\000u\000a\000d\000r\000a\000t\000u\000r\000e\000R\000u\000l\000e\000.\000h\000\040\000F\000i\000l\000e\000\040\000R\000e\000f\000e\000r\000e\000n\000c\000e}{chapter.8}% 122
\BOOKMARK [2][-]{subsection.8.8.1}{\376\377\000D\000e\000t\000a\000i\000l\000e\000d\000\040\000D\000e\000s\000c\000r\000i\000p\000t\000i\000o\000n}{section.8.8}% 123
\BOOKMARK [1][-]{section.8.9}{\376\377\000/\000h\000o\000m\000e\000/\000D\000a\000t\000a\000/\000D\000r\000o\000p\000b\000o\000x\000/\000P\000r\000o\000g\000e\000t\000t\000o\000-\000P\000A\000C\000S\000/\000C\000+\000+\000/\000S\000o\000u\000r\000c\000e\000/\000s\000r\000c\000/\000s\000o\000l\000v\000e\000r\000s\000.\000h\000\040\000F\000i\000l\000e\000\040\000R\000e\000f\000e\000r\000e\000n\000c\000e}{chapter.8}% 124
\BOOKMARK [2][-]{subsection.8.9.1}{\376\377\000D\000e\000t\000a\000i\000l\000e\000d\000\040\000D\000e\000s\000c\000r\000i\000p\000t\000i\000o\000n}{section.8.9}% 125
\BOOKMARK [1][-]{section.8.10}{\376\377\000/\000h\000o\000m\000e\000/\000D\000a\000t\000a\000/\000D\000r\000o\000p\000b\000o\000x\000/\000P\000r\000o\000g\000e\000t\000t\000o\000-\000P\000A\000C\000S\000/\000C\000+\000+\000/\000S\000o\000u\000r\000c\000e\000/\000s\000r\000c\000/\000t\000y\000p\000e\000d\000e\000f\000s\000.\000h\000\040\000F\000i\000l\000e\000\040\000R\000e\000f\000e\000r\000e\000n\000c\000e}{chapter.8}% 126
\BOOKMARK [2][-]{subsection.8.10.1}{\376\377\000D\000e\000t\000a\000i\000l\000e\000d\000\040\000D\000e\000s\000c\000r\000i\000p\000t\000i\000o\000n}{section.8.10}% 127
\BOOKMARK [2][-]{subsection.8.10.2}{\376\377\000T\000y\000p\000e\000d\000e\000f\000\040\000D\000o\000c\000u\000m\000e\000n\000t\000a\000t\000i\000o\000n}{section.8.10}% 128
\BOOKMARK [3][-]{subsubsection.8.10.2.1}{\376\377\000V\000e\000c\000t\000o\000r\000X}{subsection.8.10.2}% 129
\BOOKMARK [3][-]{subsubsection.8.10.2.2}{\376\377\000V\000e\000c\000t\000o\000r\000X\000p\000a\000i\000r}{subsection.8.10.2}% 130
\BOOKMARK [0][-]{section*.46}{\376\377\000I\000n\000d\000e\000x}{}% 131
